<?xml version="1.0" encoding="UTF-8"?>
<!-- Generated by org.testng.reporters.JUnitReportReporter -->
<testsuite hostname="DESKTOP-RUC1DE9" failures="0" tests="2" name="qaclickacademy.RESTAPITest" time="0.001" errors="0" timestamp="2022-03-14T10:27:55 IST" skipped="0">
  <testcase classname="qaclickacademy.RESTAPITest" name="DeleteTwitter" time="0.000"/>
  <system-out/>
  <testcase classname="qaclickacademy.RESTAPITest" name="RestAPI" time="0.001"/>
  <system-out/>
</testsuite> <!-- qaclickacademy.RESTAPITest -->
